build/app/outputs/mapping/release/seeds.txt
com.example.solinx_code_test.MainActivity
com.example.solinx_code_test.MainActivity: MainActivity()
...
kotlin.internal.jdk8.JDK8PlatformImplementations
androidx.window.layout.SidecarAdapter
androidx.window.layout.ActivityCompatHelperApi24
androidx.activity.ComponentActivity$3
androidx.window.layout.SidecarWindowBackend
androidx.window.layout.SidecarCompat$registerConfigurationChangeListener$configChangeObserver$1
androidx.window.embedding.SplitPairFilter
androidx.window.java.R
androidx.window.layout.WindowMetrics
androidx.window.R$styleable
androidx.window.embedding.ActivityStack
androidx.window.layout.WindowInfoTrackerImpl$windowLayoutInfo$1
androidx.annotation.Keep
io.flutter.plugins.GeneratedPluginRegistrant
androidx.window.layout.SidecarAdapter$Companion
androidx.window.java.layout.WindowInfoTrackerCallbackAdapter$addListener$1$1
androidx.window.embedding.EmbeddingInterfaceCompat$EmbeddingCallbackInterface
androidx.window.layout.DisplayCompatHelperApi17
io.flutter.embedding.engine.mutatorsstack.FlutterMutatorsStack
android.support.v4.app.RemoteActionCompatParcelizer
androidx.window.embedding.SplitController
androidx.window.embedding.SplitRule$Api30Impl
androidx.window.layout.HardwareFoldingFeature$Type
kotlinx.coroutines.CoroutineExceptionHandler
kotlinx.coroutines.internal.StackTraceRecoveryKt
androidx.window.embedding.SplitController$Companion
androidx.window.embedding.EmbeddingAdapter
androidx.window.java.layout.WindowInfoTrackerCallbackAdapter$addListener$1$1$invokeSuspend$$inlined$collect$1
io.flutter.embedding.engine.plugins.lifecycle.HiddenLifecycleReference
androidx.window.layout.SidecarCompat$Companion
androidx.window.R
androidx.core.app.RemoteActionCompat
io.flutter.view.FlutterCallbackInformation
androidx.window.layout.FoldingFeature$OcclusionType
androidx.window.layout.FoldingFeature$State
androidx.window.embedding.EmbeddingCompat$Companion
androidx.window.layout.SidecarWindowBackend$Companion
androidx.window.layout.SidecarCompat$FirstAttachAdapter
androidx.lifecycle.SingleGeneratedAdapterObserver
io.flutter.plugin.editing.ImeSyncDeferringInsetsCallback
androidx.window.core.Version$bigInteger$2
androidx.window.layout.WindowMetricsCalculator$Companion$reset$1
androidx.window.layout.FoldingFeature$Orientation$Companion
androidx.window.layout.EmptyDecorator
androidx.window.layout.HardwareFoldingFeature
androidx.window.embedding.EmbeddingTranslatingCallback
androidx.window.layout.ExtensionWindowLayoutInfoBackend$MulticastConsumer
androidx.window.layout.FoldingFeature$Orientation
androidx.window.layout.WindowInfoTrackerImpl
androidx.lifecycle.CompositeGeneratedAdaptersObserver
androidx.window.layout.WindowLayoutInfo
androidx.core.app.RemoteActionCompatParcelizer
androidx.window.embedding.SplitInfo
io.flutter.embedding.engine.FlutterJNI
androidx.window.embedding.ExtensionEmbeddingBackend$SplitListenerWrapper
androidx.window.layout.WindowMetricsCalculator
io.flutter.plugin.platform.SingleViewPresentation
androidx.window.core.Bounds
androidx.core.app.CoreComponentFactory
androidx.activity.OnBackPressedDispatcher$LifecycleOnBackPressedCancellable
androidx.window.layout.WindowInfoTrackerImpl$Companion
androidx.savedstate.SavedStateRegistry$1
androidx.window.layout.SidecarWindowBackend$ExtensionListenerImpl
androidx.window.embedding.ExtensionEmbeddingBackend
androidx.window.embedding.EmbeddingCompat
androidx.window.layout.SidecarCompat$TranslatingCallback
androidx.window.layout.ExtensionInterfaceCompat$ExtensionCallbackInterface
androidx.window.layout.SidecarCompat$DistinctElementCallback
androidx.activity.ComponentActivity$2
androidx.window.embedding.ActivityRule
androidx.window.layout.WindowMetricsCalculatorCompat
androidx.window.layout.DisplayFeature
androidx.window.java.layout.WindowInfoTrackerCallbackAdapter
androidx.lifecycle.FullLifecycleObserverAdapter
androidx.window.core.Version
androidx.window.embedding.EmbeddingBackend
androidx.window.layout.WindowBackend
kotlin.coroutines.jvm.internal.BaseContinuationImpl
androidx.window.embedding.SplitRule
io.flutter.embedding.engine.FlutterOverlaySurface