build/app/outputs/mapping/release/mapping.txt
# compiler: R8
# compiler_version: 3.3.70
# min_api: 19
# common_typos_disable
# {"id":"com.android.tools.r8.mapping","version":"2.0"}
# pg_map_id: 969e81f
# pg_map_hash: SHA-256 969e81f4d430fa5710d52c585f0f3e3b87fc2683b7abfd44bcf00b361db86092
...
io.flutter.view.AccessibilityViewEmbedder$$ExternalSyntheticApiModelOutline6 -> io.flutter.view.t:
# {"id":"sourceFile","fileName":"R8$$SyntheticClass"}
# {"id":"com.android.tools.r8.synthesized"}
    void io.flutter.view.AccessibilityViewEmbedder$$InternalSyntheticApiModelOutline$1$5748db92e5ea0bf57e589b03ebff6c44bee4cdfa760f588503b01ab99cdc139b$1.m(android.view.accessibility.AccessibilityNodeInfo,java.lang.CharSequence) -> a
      # {"id":"com.android.tools.r8.synthesized"}
io.flutter.view.AccessibilityViewEmbedder$$ExternalSyntheticApiModelOutline7 -> io.flutter.view.u:
# {"id":"sourceFile","fileName":"R8$$SyntheticClass"}
# {"id":"com.android.tools.r8.synthesized"}
    int io.flutter.view.AccessibilityViewEmbedder$$InternalSyntheticApiModelOutline$1$5748db92e5ea0bf57e589b03ebff6c44bee4cdfa760f588503b01ab99cdc139b$2.m(android.view.accessibility.AccessibilityNodeInfo) -> a
      # {"id":"com.android.tools.r8.synthesized"}
io.flutter.view.AccessibilityViewEmbedder$$ExternalSyntheticApiModelOutline8 -> io.flutter.view.v:
# {"id":"sourceFile","fileName":"R8$$SyntheticClass"}
# {"id":"com.android.tools.r8.synthesized"}
    boolean io.flutter.view.AccessibilityViewEmbedder$$InternalSyntheticApiModelOutline$1$5748db92e5ea0bf57e589b03ebff6c44bee4cdfa760f588503b01ab99cdc139b$4.m(android.view.accessibility.AccessibilityNodeInfo) -> a
      # {"id":"com.android.tools.r8.synthesized"}
io.flutter.view.AccessibilityViewEmbedder$$ExternalSyntheticApiModelOutline9 -> io.flutter.view.w:
# {"id":"sourceFile","fileName":"R8$$SyntheticClass"}
# {"id":"com.android.tools.r8.synthesized"}
    void io.flutter.view.AccessibilityViewEmbedder$$InternalSyntheticApiModelOutline$1$5748db92e5ea0bf57e589b03ebff6c44bee4cdfa760f588503b01ab99cdc139b$5.m(android.view.accessibility.AccessibilityNodeInfo,boolean) -> a
      # {"id":"com.android.tools.r8.synthesized"}
io.flutter.view.AccessibilityViewEmbedder$1 -> io.flutter.view.AccessibilityViewEmbedder$a:
io.flutter.view.AccessibilityViewEmbedder$ReflectionAccessors -> io.flutter.view.AccessibilityViewEmbedder$b:
    java.lang.reflect.Method getRecordSourceNodeId -> c
    java.lang.reflect.Method getChildId -> d
    java.lang.reflect.Field childNodeIdsField -> e
    java.lang.reflect.Method longArrayGetIndex -> f
    java.lang.reflect.Method getSourceNodeId -> a
    java.lang.reflect.Method getParentNodeId -> b
    java.lang.Long access$100(io.flutter.view.AccessibilityViewEmbedder$ReflectionAccessors,android.view.accessibility.AccessibilityNodeInfo) -> a
    int access$200(long) -> b
    java.lang.Long access$300(io.flutter.view.AccessibilityViewEmbedder$ReflectionAccessors,android.view.accessibility.AccessibilityNodeInfo) -> c
    java.lang.Long access$500(io.flutter.view.AccessibilityViewEmbedder$ReflectionAccessors,android.view.accessibility.AccessibilityNodeInfo,int) -> d
    java.lang.Long access$600(io.flutter.view.AccessibilityViewEmbedder$ReflectionAccessors,android.view.accessibility.AccessibilityRecord) -> e
    java.lang.Long getChildId(android.view.accessibility.AccessibilityNodeInfo,int) -> f
    java.lang.Long getParentNodeId(android.view.accessibility.AccessibilityNodeInfo) -> g
    java.lang.Long getRecordSourceNodeId(android.view.accessibility.AccessibilityRecord) -> h
    java.lang.Long getSourceNodeId(android.view.accessibility.AccessibilityNodeInfo) -> i
    int getVirtualNodeId(long) -> j
    boolean isBitSet(long,int) -> k
io.flutter.view.AccessibilityViewEmbedder$ViewAndId -> io.flutter.view.AccessibilityViewEmbedder$c:
    android.view.View view -> a
    int id -> b
io.flutter.view.TextureRegistry -> io.flutter.view.x:
    io.flutter.view.TextureRegistry$SurfaceTextureEntry createSurfaceTexture() -> a
io.flutter.view.TextureRegistry$OnFrameConsumedListener -> io.flutter.view.x$a:
    void onFrameConsumed() -> a
io.flutter.view.TextureRegistry$OnTrimMemoryListener -> io.flutter.view.x$b: