build/app/outputs/mapping/release/usage.txt
com.example.solinx_code_test.BuildConfig
com.example.solinx_code_test.R$attr
com.example.solinx_code_test.R$color
com.example.solinx_code_test.R$dimen
com.example.solinx_code_test.R$drawable
com.example.solinx_code_test.R$id
com.example.solinx_code_test.R$integer
com.example.solinx_code_test.R$layout
com.example.solinx_code_test.R$mipmap
com.example.solinx_code_test.R$string
com.example.solinx_code_test.R$style
com.example.solinx_code_test.R$styleable
com.example.solinx_code_test.R$xml
com.example.solinx_code_test.R
...
androidx.core.text.TextDirectionHeuristicsCompat$TextDirectionHeuristicImpl
androidx.core.text.TextDirectionHeuristicsCompat$TextDirectionHeuristicInternal
androidx.core.text.TextDirectionHeuristicsCompat$TextDirectionHeuristicLocale
androidx.core.text.TextDirectionHeuristicsCompat
androidx.core.text.TextUtilsCompat$Api17Impl
androidx.core.text.TextUtilsCompat
androidx.core.text.util.FindAddress$ZipRange
androidx.core.text.util.FindAddress
androidx.core.text.util.LinkifyCompat$Api24Impl
androidx.core.text.util.LinkifyCompat$LinkSpec
androidx.core.text.util.LinkifyCompat$LinkifyMask
androidx.core.text.util.LinkifyCompat
androidx.core.util.AtomicFile
androidx.core.util.DebugUtils
androidx.core.util.LogWriter
androidx.core.util.ObjectsCompat$Api19Impl:
    private void <init>()
androidx.core.util.ObjectsCompat:
    private void <init>()
    public static int hashCode(java.lang.Object)
    public static java.lang.Object requireNonNull(java.lang.Object)
    public static java.lang.Object requireNonNull(java.lang.Object,java.lang.String)
    public static java.lang.String toString(java.lang.Object,java.lang.String)
androidx.core.util.Pair
androidx.core.util.PatternsCompat
androidx.core.util.Pools$Pool
androidx.core.util.Pools$SimplePool
androidx.core.util.Pools$SynchronizedPool
androidx.core.util.Pools
androidx.core.util.Preconditions:
    private void <init>()
    public static void checkArgument(boolean)
    public static void checkArgument(boolean,java.lang.Object)
    public static varargs void checkArgument(boolean,java.lang.String,java.lang.Object[])
    public static float checkArgumentFinite(float,java.lang.String)
    public static double checkArgumentInRange(double,double,double,java.lang.String)
    public static float checkArgumentInRange(float,float,float,java.lang.String)
    public static int checkArgumentInRange(int,int,int,java.lang.String)
    public static long checkArgumentInRange(long,long,long,java.lang.String)
    public static int checkArgumentNonnegative(int)
    public static int checkArgumentNonnegative(int,java.lang.String)
    public static int checkFlagsArgument(int,int)
    public static java.lang.Object checkNotNull(java.lang.Object,java.lang.Object)
    public static void checkState(boolean)
    public static void checkState(boolean,java.lang.String)
    public static java.lang.CharSequence checkStringNotEmpty(java.lang.CharSequence)
    public static java.lang.CharSequence checkStringNotEmpty(java.lang.CharSequence,java.lang.Object)
    public static varargs java.lang.CharSequence checkStringNotEmpty(java.lang.CharSequence,java.lang.String,java.lang.Object[])
androidx.core.util.Predicate
androidx.core.util.SizeFCompat$Api21Impl
androidx.core.util.SizeFCompat
androidx.core.util.Supplier
androidx.core.util.TimeUtils
androidx.core.view.AccessibilityDelegateCompat$AccessibilityDelegateAdapter
androidx.core.view.AccessibilityDelegateCompat$Api16Impl
androidx.core.view.AccessibilityDelegateCompat
androidx.core.view.ActionProvider$SubUiVisibilityListener
androidx.core.view.ActionProvider$VisibilityListener
androidx.core.view.ActionProvider
androidx.core.view.ContentInfoCompat$Api31Impl
androidx.core.view.ContentInfoCompat$Builder
androidx.core.view.ContentInfoCompat$BuilderCompat31Impl
androidx.core.view.ContentInfoCompat$BuilderCompat
androidx.core.view.ContentInfoCompat$BuilderCompatImpl
androidx.core.view.ContentInfoCompat$Compat31Impl
androidx.core.view.ContentInfoCompat$Compat
androidx.core.view.ContentInfoCompat$CompatImpl
androidx.core.view.ContentInfoCompat$Flags
androidx.core.view.ContentInfoCompat$Source
androidx.core.view.ContentInfoCompat
androidx.core.view.DisplayCompat$Api17Impl
androidx.core.view.DisplayCompat$Api23Impl
androidx.core.view.DisplayCompat$ModeCompat$Api23Impl
androidx.core.view.DisplayCompat$ModeCompat
androidx.core.view.DisplayCompat
androidx.core.view.DisplayCutoutCompat$Api28Impl:
    private void <init>()
androidx.core.view.DisplayCutoutCompat$Api29Impl